<?xml version="1.0" encoding="UTF-8"?>
<testng-results ignored="0" total="1" passed="1" failed="0" skipped="0">
  <reporter-output>
  </reporter-output>
  <suite started-at="2021-07-16T13:54:35 IST" name="Suite" finished-at="2021-07-16T13:54:59 IST" duration-ms="24551">
    <groups>
    </groups>
    <test started-at="2021-07-16T13:54:35 IST" name="Test" finished-at="2021-07-16T13:54:59 IST" duration-ms="24551">
      <class name="FrameworkforTest.FlipkartTest.AddtoCartTest">
        <test-method is-config="true" signature="setup()[pri:0, instance:FrameworkforTest.FlipkartTest.AddtoCartTest@1f0f1111]" started-at="2021-07-16T13:54:35 IST" name="setup" finished-at="2021-07-16T13:54:39 IST" duration-ms="4238" status="PASS">
          <reporter-output>
          </reporter-output>
        </test-method> <!-- setup -->
        <test-method signature="addmobile()[pri:0, instance:FrameworkforTest.FlipkartTest.AddtoCartTest@1f0f1111]" started-at="2021-07-16T13:54:39 IST" name="addmobile" finished-at="2021-07-16T13:54:55 IST" duration-ms="16131" status="PASS">
          <reporter-output>
          </reporter-output>
        </test-method> <!-- addmobile -->
        <test-method is-config="true" signature="teardown()[pri:0, instance:FrameworkforTest.FlipkartTest.AddtoCartTest@1f0f1111]" started-at="2021-07-16T13:54:55 IST" name="teardown" finished-at="2021-07-16T13:54:59 IST" duration-ms="4136" status="PASS">
          <reporter-output>
          </reporter-output>
        </test-method> <!-- teardown -->
      </class> <!-- FrameworkforTest.FlipkartTest.AddtoCartTest -->
    </test> <!-- Test -->
  </suite> <!-- Suite -->
</testng-results>
